<PAMDataset>
  <SRS dataAxisToSRSAxisMapping="2,1">GEOGCS["WGS 84",DATUM["WGS_1984",SPHEROID["WGS 84",6378137,298.257223563,AUTHORITY["EPSG","7030"]],AUTHORITY["EPSG","6326"]],PRIMEM["Greenwich",0,AUTHORITY["EPSG","8901"]],UNIT["degree",0.0174532925199433,AUTHORITY["EPSG","9122"]],AXIS["Latitude",NORTH],AXIS["Longitude",EAST],AUTHORITY["EPSG","4326"]]</SRS>
  <Metadata domain="IMAGE_STRUCTURE">
    <MDI key="INTERLEAVE">PIXEL</MDI>
  </Metadata>
  <Metadata>
    <MDI key="AREA_OR_POINT">Area</MDI>
    <MDI key="CREATION_DATE">D:20250604004507+07</MDI>
    <MDI key="CREATOR">Esri ArcMap 10.3.0.4284</MDI>
    <MDI key="NEATLINE">POLYGON ((12333857.6515882 -848335.859811036,12333857.6515882 -845920.266175506,12336756.3135608 -845920.266175506,12336756.3135608 -848335.859811036,12333857.6515882 -848335.859811036))</MDI>
  </Metadata>
</PAMDataset>
